Determining if the pthread_create exist failed with the following output:
Change Dir: /home/xcg/catkin_ws/build/CMakeFiles/CMakeTmp

Run Build Command:"/usr/bin/make" "cmTC_f6c3e/fast"
/usr/bin/make -f CMakeFiles/cmTC_f6c3e.dir/build.make CMakeFiles/cmTC_f6c3e.dir/build
make[1]: 进入目录“/home/xcg/catkin_ws/build/CMakeFiles/CMakeTmp”
Building C object CMakeFiles/cmTC_f6c3e.dir/CheckSymbolExists.c.o
/home/xcg/Qt5.9.9/Tools/QtCreator/libexec/qtcreator/clang/bin/clang    -o CMakeFiles/cmTC_f6c3e.dir/CheckSymbolExists.c.o   -c /home/xcg/catkin_ws/build/CMakeFiles/CMakeTmp/CheckSymbolExists.c
Linking C executable cmTC_f6c3e
/usr/bin/cmake -E cmake_link_script CMakeFiles/cmTC_f6c3e.dir/link.txt --verbose=1
/home/xcg/Qt5.9.9/Tools/QtCreator/libexec/qtcreator/clang/bin/clang      -rdynamic CMakeFiles/cmTC_f6c3e.dir/CheckSymbolExists.c.o  -o cmTC_f6c3e 
CMakeFiles/cmTC_f6c3e.dir/CheckSymbolExists.c.o：在函数‘main’中：
CheckSymbolExists.c:(.text+0x19)：对‘pthread_create’未定义的引用
clang-8: error: linker command failed with exit code 1 (use -v to see invocation)
CMakeFiles/cmTC_f6c3e.dir/build.make:97: recipe for target 'cmTC_f6c3e' failed
make[1]: *** [cmTC_f6c3e] Error 1
make[1]: 离开目录“/home/xcg/catkin_ws/build/CMakeFiles/CMakeTmp”
Makefile:126: recipe for target 'cmTC_f6c3e/fast' failed
make: *** [cmTC_f6c3e/fast] Error 2

File /home/xcg/catkin_ws/build/CMakeFiles/CMakeTmp/CheckSymbolExists.c:
/* */
#include <pthread.h>

int main(int argc, char** argv)
{
  (void)argv;
#ifndef pthread_create
  return ((int*)(&pthread_create))[argc];
#else
  (void)argc;
  return 0;
#endif
}

Determining if the function pthread_create exists in the pthreads failed with the following output:
Change Dir: /home/xcg/catkin_ws/build/CMakeFiles/CMakeTmp

Run Build Command:"/usr/bin/make" "cmTC_9a033/fast"
/usr/bin/make -f CMakeFiles/cmTC_9a033.dir/build.make CMakeFiles/cmTC_9a033.dir/build
make[1]: 进入目录“/home/xcg/catkin_ws/build/CMakeFiles/CMakeTmp”
Building C object CMakeFiles/cmTC_9a033.dir/CheckFunctionExists.c.o
/home/xcg/Qt5.9.9/Tools/QtCreator/libexec/qtcreator/clang/bin/clang   -DCHECK_FUNCTION_EXISTS=pthread_create   -o CMakeFiles/cmTC_9a033.dir/CheckFunctionExists.c.o   -c /usr/share/cmake-3.10/Modules/CheckFunctionExists.c
Linking C executable cmTC_9a033
/usr/bin/cmake -E cmake_link_script CMakeFiles/cmTC_9a033.dir/link.txt --verbose=1
/home/xcg/Qt5.9.9/Tools/QtCreator/libexec/qtcreator/clang/bin/clang  -DCHECK_FUNCTION_EXISTS=pthread_create    -rdynamic CMakeFiles/cmTC_9a033.dir/CheckFunctionExists.c.o  -o cmTC_9a033 -lpthreads 
/usr/bin/ld: 找不到 -lpthreads
clang-8: error: linker command failed with exit code 1 (use -v to see invocation)
CMakeFiles/cmTC_9a033.dir/build.make:97: recipe for target 'cmTC_9a033' failed
make[1]: *** [cmTC_9a033] Error 1
make[1]: 离开目录“/home/xcg/catkin_ws/build/CMakeFiles/CMakeTmp”
Makefile:126: recipe for target 'cmTC_9a033/fast' failed
make: *** [cmTC_9a033/fast] Error 2


Determining if the Q_WS_WIN exist failed with the following output:
Change Dir: /home/xcg/catkin_ws/build/CMakeFiles/CMakeTmp

Run Build Command:"/usr/bin/make" "cmTC_c1096/fast"
/usr/bin/make -f CMakeFiles/cmTC_c1096.dir/build.make CMakeFiles/cmTC_c1096.dir/build
make[1]: 进入目录“/home/xcg/catkin_ws/build/CMakeFiles/CMakeTmp”
Building CXX object CMakeFiles/cmTC_c1096.dir/CheckSymbolExists.cxx.o
/usr/bin/g++   -I/usr/include/qt4   -o CMakeFiles/cmTC_c1096.dir/CheckSymbolExists.cxx.o -c /home/xcg/catkin_ws/build/CMakeFiles/CMakeTmp/CheckSymbolExists.cxx
/home/xcg/catkin_ws/build/CMakeFiles/CMakeTmp/CheckSymbolExists.cxx: In function ‘int main(int, char**)’:
/home/xcg/catkin_ws/build/CMakeFiles/CMakeTmp/CheckSymbolExists.cxx:8:19: error: ‘Q_WS_WIN’ was not declared in this scope
   return ((int*)(&Q_WS_WIN))[argc];
                   ^~~~~~~~
/home/xcg/catkin_ws/build/CMakeFiles/CMakeTmp/CheckSymbolExists.cxx:8:19: note: suggested alternative: ‘Q_WS_X11’
   return ((int*)(&Q_WS_WIN))[argc];
                   ^~~~~~~~
                   Q_WS_X11
CMakeFiles/cmTC_c1096.dir/build.make:65: recipe for target 'CMakeFiles/cmTC_c1096.dir/CheckSymbolExists.cxx.o' failed
make[1]: *** [CMakeFiles/cmTC_c1096.dir/CheckSymbolExists.cxx.o] Error 1
make[1]: 离开目录“/home/xcg/catkin_ws/build/CMakeFiles/CMakeTmp”
Makefile:126: recipe for target 'cmTC_c1096/fast' failed
make: *** [cmTC_c1096/fast] Error 2

File /home/xcg/catkin_ws/build/CMakeFiles/CMakeTmp/CheckSymbolExists.cxx:
/* */
#include <QtCore/qglobal.h>

int main(int argc, char** argv)
{
  (void)argv;
#ifndef Q_WS_WIN
  return ((int*)(&Q_WS_WIN))[argc];
#else
  (void)argc;
  return 0;
#endif
}

Determining if the Q_WS_QWS exist failed with the following output:
Change Dir: /home/xcg/catkin_ws/build/CMakeFiles/CMakeTmp

Run Build Command:"/usr/bin/make" "cmTC_d706e/fast"
/usr/bin/make -f CMakeFiles/cmTC_d706e.dir/build.make CMakeFiles/cmTC_d706e.dir/build
make[1]: 进入目录“/home/xcg/catkin_ws/build/CMakeFiles/CMakeTmp”
Building CXX object CMakeFiles/cmTC_d706e.dir/CheckSymbolExists.cxx.o
/usr/bin/g++   -I/usr/include/qt4   -o CMakeFiles/cmTC_d706e.dir/CheckSymbolExists.cxx.o -c /home/xcg/catkin_ws/build/CMakeFiles/CMakeTmp/CheckSymbolExists.cxx
/home/xcg/catkin_ws/build/CMakeFiles/CMakeTmp/CheckSymbolExists.cxx: In function ‘int main(int, char**)’:
/home/xcg/catkin_ws/build/CMakeFiles/CMakeTmp/CheckSymbolExists.cxx:8:19: error: ‘Q_WS_QWS’ was not declared in this scope
   return ((int*)(&Q_WS_QWS))[argc];
                   ^~~~~~~~
/home/xcg/catkin_ws/build/CMakeFiles/CMakeTmp/CheckSymbolExists.cxx:8:19: note: suggested alternative: ‘Q_WS_X11’
   return ((int*)(&Q_WS_QWS))[argc];
                   ^~~~~~~~
                   Q_WS_X11
CMakeFiles/cmTC_d706e.dir/build.make:65: recipe for target 'CMakeFiles/cmTC_d706e.dir/CheckSymbolExists.cxx.o' failed
make[1]: *** [CMakeFiles/cmTC_d706e.dir/CheckSymbolExists.cxx.o] Error 1
make[1]: 离开目录“/home/xcg/catkin_ws/build/CMakeFiles/CMakeTmp”
Makefile:126: recipe for target 'cmTC_d706e/fast' failed
make: *** [cmTC_d706e/fast] Error 2

File /home/xcg/catkin_ws/build/CMakeFiles/CMakeTmp/CheckSymbolExists.cxx:
/* */
#include <QtCore/qglobal.h>

int main(int argc, char** argv)
{
  (void)argv;
#ifndef Q_WS_QWS
  return ((int*)(&Q_WS_QWS))[argc];
#else
  (void)argc;
  return 0;
#endif
}

Determining if the Q_WS_MAC exist failed with the following output:
Change Dir: /home/xcg/catkin_ws/build/CMakeFiles/CMakeTmp

Run Build Command:"/usr/bin/make" "cmTC_95356/fast"
/usr/bin/make -f CMakeFiles/cmTC_95356.dir/build.make CMakeFiles/cmTC_95356.dir/build
make[1]: 进入目录“/home/xcg/catkin_ws/build/CMakeFiles/CMakeTmp”
Building CXX object CMakeFiles/cmTC_95356.dir/CheckSymbolExists.cxx.o
/usr/bin/g++   -I/usr/include/qt4   -o CMakeFiles/cmTC_95356.dir/CheckSymbolExists.cxx.o -c /home/xcg/catkin_ws/build/CMakeFiles/CMakeTmp/CheckSymbolExists.cxx
/home/xcg/catkin_ws/build/CMakeFiles/CMakeTmp/CheckSymbolExists.cxx: In function ‘int main(int, char**)’:
/home/xcg/catkin_ws/build/CMakeFiles/CMakeTmp/CheckSymbolExists.cxx:8:19: error: ‘Q_WS_MAC’ was not declared in this scope
   return ((int*)(&Q_WS_MAC))[argc];
                   ^~~~~~~~
/home/xcg/catkin_ws/build/CMakeFiles/CMakeTmp/CheckSymbolExists.cxx:8:19: note: suggested alternative: ‘Q_WS_X11’
   return ((int*)(&Q_WS_MAC))[argc];
                   ^~~~~~~~
                   Q_WS_X11
CMakeFiles/cmTC_95356.dir/build.make:65: recipe for target 'CMakeFiles/cmTC_95356.dir/CheckSymbolExists.cxx.o' failed
make[1]: *** [CMakeFiles/cmTC_95356.dir/CheckSymbolExists.cxx.o] Error 1
make[1]: 离开目录“/home/xcg/catkin_ws/build/CMakeFiles/CMakeTmp”
Makefile:126: recipe for target 'cmTC_95356/fast' failed
make: *** [cmTC_95356/fast] Error 2

File /home/xcg/catkin_ws/build/CMakeFiles/CMakeTmp/CheckSymbolExists.cxx:
/* */
#include <QtCore/qglobal.h>

int main(int argc, char** argv)
{
  (void)argv;
#ifndef Q_WS_MAC
  return ((int*)(&Q_WS_MAC))[argc];
#else
  (void)argc;
  return 0;
#endif
}

